<?xml version="1.0" encoding="UTF-8"?>
<testng-results ignored="0" total="2" passed="2" failed="0" skipped="0">
  <reporter-output>
  </reporter-output>
  <suite started-at="2024-09-26T07:10:15Z" name="Default suite" finished-at="2024-09-26T07:10:29Z" duration-ms="14105">
    <groups>
    </groups>
    <test started-at="2024-09-26T07:10:15Z" name="Default test" finished-at="2024-09-26T07:10:29Z" duration-ms="14105">
      <class name="gridTest.TestGoogle">
        <test-method signature="openChrome()[pri:0, instance:gridTest.TestGoogle@2cb4893b]" started-at="2024-09-26T12:40:15Z" name="openChrome" finished-at="2024-09-26T12:40:22Z" duration-ms="7307" status="PASS">
          <reporter-output>
          </reporter-output>
        </test-method> <!-- openChrome -->
        <test-method signature="openFireFox()[pri:0, instance:gridTest.TestGoogle@2cb4893b]" started-at="2024-09-26T12:40:22Z" name="openFireFox" finished-at="2024-09-26T12:40:29Z" duration-ms="6780" status="PASS">
          <reporter-output>
          </reporter-output>
        </test-method> <!-- openFireFox -->
      </class> <!-- gridTest.TestGoogle -->
    </test> <!-- Default test -->
  </suite> <!-- Default suite -->
</testng-results>
